Initial State: 
2 3 8 
7 1 5 
4 0 6 
Step 1: 
2 3 8 
7 1 5 
0 4 6 
Step 2: 
2 3 8 
0 1 5 
7 4 6 
Step 3: 
2 3 8 
1 0 5 
7 4 6 
Step 4: 
2 3 8 
1 4 5 
7 0 6 
Step 5: 
2 3 8 
1 4 5 
7 6 0 
Step 6: 
2 3 8 
1 4 0 
7 6 5 
Step 7: 
2 3 0 
1 4 8 
7 6 5 
Step 8: 
2 0 3 
1 4 8 
7 6 5 
Step 9: 
0 2 3 
1 4 8 
7 6 5 
Step 10: 
1 2 3 
0 4 8 
7 6 5 
Step 11: 
1 2 3 
4 0 8 
7 6 5 
Step 12: 
1 2 3 
4 6 8 
7 0 5 
Step 13: 
1 2 3 
4 6 8 
7 5 0 
Step 14: 
1 2 3 
4 6 0 
7 5 8 
Step 15: 
1 2 3 
4 0 6 
7 5 8 
Step 16: 
1 2 3 
4 5 6 
7 0 8 
Step 17: 
1 2 3 
4 5 6 
7 8 0 
